--- Startup times for process: Primary (or UI client) ---

times in msec
 clock   self+sourced   self:  sourced script
 clock   elapsed:              other lines

000.000  000.000: --- NVIM STARTING ---
000.089  000.089: event init
000.156  000.067: early init
000.185  000.030: locale set
000.215  000.030: init first window
000.452  000.236: inits 1
000.456  000.004: window checked
000.457  000.002: parsing arguments
000.788  000.029  000.029: require('vim.shared')
000.857  000.025  000.025: require('vim.inspect')
000.889  000.025  000.025: require('vim._options')
000.890  000.100  000.050: require('vim._editor')
000.891  000.147  000.018: require('vim._init_packages')
000.892  000.287: init lua interpreter
001.943  001.051: nvim_ui_attach
002.150  000.207: nvim_set_client_info
002.152  000.002: --- NVIM STARTED ---

--- Startup times for process: Embedded ---

times in msec
 clock   self+sourced   self:  sourced script
 clock   elapsed:              other lines

000.000  000.000: --- NVIM STARTING ---
000.075  000.074: event init
000.128  000.054: early init
000.152  000.024: locale set
000.170  000.018: init first window
000.361  000.191: inits 1
000.367  000.005: window checked
000.368  000.001: parsing arguments
000.666  000.028  000.028: require('vim.shared')
000.729  000.026  000.026: require('vim.inspect')
000.760  000.026  000.026: require('vim._options')
000.762  000.094  000.042: require('vim._editor')
000.762  000.138  000.015: require('vim._init_packages')
000.763  000.258: init lua interpreter
000.806  000.043: expanding arguments
000.817  000.011: inits 2
000.971  000.154: init highlight
000.972  000.001: waiting for UI
001.099  000.128: done waiting for UI
001.103  000.004: clear screen
001.179  000.007  000.007: require('vim.keymap')
001.615  000.089  000.089: sourcing nvim_exec2()
001.697  000.592  000.497: require('vim._defaults')
001.699  000.003: init default mappings & autocommands
001.956  000.029  000.029: sourcing /usr/share/nvim/runtime/ftplugin.vim
001.989  000.014  000.014: sourcing /usr/share/nvim/runtime/indent.vim
002.052  000.037  000.037: sourcing /usr/share/nvim/archlinux.lua
002.055  000.052  000.015: sourcing /etc/xdg/nvim/sysinit.vim
002.385  000.308  000.308: require('shento.options')
002.579  000.193  000.193: require('shento.keymaps')
002.922  000.277  000.277: require('lazy')
002.939  000.009  000.009: require('ffi')
002.995  000.012  000.012: require('vim.fs')
003.058  000.061  000.061: require('vim.uri')
003.065  000.124  000.050: require('vim.loader')
003.132  000.057  000.057: require('lazy.stats')
003.204  000.059  000.059: require('lazy.core.util')
003.273  000.068  000.068: require('lazy.core.config')
003.434  000.057  000.057: require('lazy.core.handler')
003.624  000.049  000.049: require('lazy.pkg')
003.627  000.112  000.063: require('lazy.core.meta')
003.632  000.197  000.085: require('lazy.core.plugin')
003.636  000.362  000.108: require('lazy.core.loader')
003.971  000.046  000.046: require('lazy.core.fragments')
004.962  000.027  000.027: require('lazy.core.handler.event')
004.965  000.056  000.029: require('lazy.core.handler.ft')
004.988  000.021  000.021: require('lazy.core.handler.cmd')
005.020  000.031  000.031: require('lazy.core.handler.keys')
005.278  000.093  000.093: sourcing nvim_exec2() called at /usr/share/nvim/runtime/filetype.lua:0
005.281  000.138  000.045: sourcing /usr/share/nvim/runtime/filetype.lua
005.283  000.154  000.016: sourcing nvim_exec2() called at /home/shentoh/.config/nvim/init.lua:0
005.352  000.002  000.002: sourcing nvim_exec2() called at /home/shentoh/.config/nvim/init.lua:0
005.361  000.001  000.001: sourcing nvim_exec2() called at /home/shentoh/.config/nvim/init.lua:0
005.605  000.242  000.242: require('catppuccin')
005.714  000.030  000.030: require('catppuccin.lib.hashing')
007.164  001.070  001.070: sourcing /home/shentoh/.local/share/nvim/lazy/catppuccin/colors/catppuccin.vim
007.238  000.002  000.002: sourcing nvim_exec2() called at /home/shentoh/.config/nvim/init.lua:0
007.249  000.001  000.001: sourcing nvim_exec2() called at /home/shentoh/.config/nvim/init.lua:0
007.623  000.039  000.039: require('mason-core.path')
007.706  000.023  000.023: require('mason-core.functional.data')
007.756  000.047  000.047: require('mason-core.functional.function')
007.836  000.077  000.077: require('mason-core.functional.list')
007.883  000.041  000.041: require('mason-core.functional.relation')
007.909  000.024  000.024: require('mason-core.functional.logic')
007.931  000.020  000.020: require('mason-core.functional.number')
007.956  000.022  000.022: require('mason-core.functional.string')
007.979  000.020  000.020: require('mason-core.functional.table')
008.003  000.022  000.022: require('mason-core.functional.type')
008.005  000.350  000.053: require('mason-core.functional')
008.026  000.401  000.050: require('mason-core.platform')
008.108  000.081  000.081: require('mason.settings')
008.110  000.606  000.085: require('mason-core.installer.InstallLocation')
008.197  000.034  000.034: require('mason-core.log')
008.199  000.062  000.029: require('mason-core.EventEmitter')
008.227  000.027  000.027: require('mason-registry.sources')
008.230  000.119  000.029: require('mason-registry')
008.231  000.927  000.202: require('mason')
008.314  000.041  000.041: require('mason.api.command')
008.469  000.014  000.014: sourcing /home/shentoh/.local/share/nvim/lazy/plenary.nvim/plugin/plenary.vim
008.472  000.034  000.020: sourcing nvim_exec2() called at /home/shentoh/.config/nvim/init.lua:0
008.476  000.001  000.001: sourcing nvim_exec2() called at /home/shentoh/.config/nvim/init.lua:0
008.482  000.001  000.001: sourcing nvim_exec2() called at /home/shentoh/.config/nvim/init.lua:0
008.702  000.017  000.017: sourcing /home/shentoh/.local/share/nvim/lazy/nvim-web-devicons/plugin/nvim-web-devicons.vim
008.705  000.037  000.020: sourcing nvim_exec2() called at /home/shentoh/.config/nvim/init.lua:0
008.708  000.001  000.001: sourcing nvim_exec2() called at /home/shentoh/.config/nvim/init.lua:0
008.714  000.001  000.001: sourcing nvim_exec2() called at /home/shentoh/.config/nvim/init.lua:0
008.877  000.002  000.002: sourcing nvim_exec2() called at /home/shentoh/.config/nvim/init.lua:0
008.882  000.001  000.001: sourcing nvim_exec2() called at /home/shentoh/.config/nvim/init.lua:0
008.947  000.032  000.032: sourcing /home/shentoh/.local/share/nvim/lazy/neo-tree.nvim/plugin/neo-tree.lua
008.949  000.050  000.018: sourcing nvim_exec2() called at /home/shentoh/.config/nvim/init.lua:0
008.953  000.001  000.001: sourcing nvim_exec2() called at /home/shentoh/.config/nvim/init.lua:0
008.958  000.001  000.001: sourcing nvim_exec2() called at /home/shentoh/.config/nvim/init.lua:0
009.354  000.391  000.391: require('neo-tree')
009.374  000.002  000.002: sourcing nvim_exec2() called at /home/shentoh/.config/nvim/init.lua:0
009.381  000.001  000.001: sourcing nvim_exec2() called at /home/shentoh/.config/nvim/init.lua:0
009.607  000.030  000.030: require('plenary.bit')
009.634  000.024  000.024: require('plenary.functional')
009.652  000.134  000.080: require('plenary.path')
009.679  000.004  000.004: require('vim.F')
009.692  000.204  000.066: require('plenary.log')
009.708  000.242  000.038: require('lsp-file-operations.log')
009.710  000.327  000.085: require('lsp-file-operations')
010.368  000.109  000.109: require('neo-tree.log')
010.400  000.030  000.030: require('neo-tree.utils._compat')
010.418  000.248  000.110: require('neo-tree.utils')
010.459  000.039  000.039: require('neo-tree.collections')
010.463  000.322  000.034: require('neo-tree.events.queue')
010.466  000.371  000.049: require('neo-tree.events')
010.647  000.003  000.003: sourcing nvim_exec2() called at /home/shentoh/.config/nvim/init.lua:0
010.657  000.001  000.001: sourcing nvim_exec2() called at /home/shentoh/.config/nvim/init.lua:0
010.914  000.054  000.054: require('nvim-autopairs._log')
010.975  000.059  000.059: require('nvim-autopairs.utils')
011.280  000.175  000.175: require('nvim-autopairs.conds')
011.295  000.271  000.096: require('nvim-autopairs.rule')
011.297  000.320  000.049: require('nvim-autopairs.rules.basic')
011.317  000.651  000.218: require('nvim-autopairs')
012.096  000.022  000.022: require('mason.version')
012.103  000.273  000.251: require('mason-tool-installer')
012.111  000.304  000.031: sourcing /home/shentoh/.local/share/nvim/lazy/mason-tool-installer.nvim/plugin/mason-tool-installer.lua
012.114  000.324  000.020: sourcing nvim_exec2() called at /home/shentoh/.config/nvim/init.lua:0
012.119  000.002  000.002: sourcing nvim_exec2() called at /home/shentoh/.config/nvim/init.lua:0
012.128  000.001  000.001: sourcing nvim_exec2() called at /home/shentoh/.config/nvim/init.lua:0
012.857  000.270  000.270: sourcing /home/shentoh/.local/share/nvim/lazy/fzf/plugin/fzf.vim
012.861  000.291  000.021: sourcing nvim_exec2() called at /home/shentoh/.config/nvim/init.lua:0
012.865  000.001  000.001: sourcing nvim_exec2() called at /home/shentoh/.config/nvim/init.lua:0
012.887  000.001  000.001: sourcing nvim_exec2() called at /home/shentoh/.config/nvim/init.lua:0
012.894  000.001  000.001: sourcing nvim_exec2() called at /home/shentoh/.config/nvim/init.lua:0
012.900  000.001  000.001: sourcing nvim_exec2() called at /home/shentoh/.config/nvim/init.lua:0
013.138  000.026  000.026: require('fzfx.commons.num')
013.183  000.043  000.043: require('fzfx.commons.logging')
013.187  000.113  000.044: require('fzfx.lib.log')
013.188  000.286  000.173: require('fzfx')
013.266  000.025  000.025: require('fzfx.commons.path')
013.450  000.183  000.183: require('fzfx.lib.constants')
013.528  000.033  000.033: require('fzfx.commons.tbl')
013.554  000.025  000.025: require('fzfx.commons.str')
013.607  000.025  000.025: require('fzfx.commons.fio')
013.625  000.017  000.017: require('fzfx.lib.env')
013.628  000.073  000.031: require('fzfx.helper.parsers')
013.633  000.182  000.050: require('fzfx.helper.actions')
013.659  000.026  000.026: require('fzfx.helper.previewer_labels')
013.697  000.016  000.016: require('fzfx.lib.shells')
013.699  000.039  000.023: require('fzfx.helper.previewers')
013.717  000.017  000.017: require('fzfx.schema')
013.734  000.016  000.016: require('fzfx.cfg._decorator')
013.738  000.522  000.034: require('fzfx.cfg.files')
013.814  000.024  000.024: require('fzfx.lib.bufs')
013.817  000.055  000.031: require('fzfx.cfg._grep')
013.821  000.083  000.027: require('fzfx.cfg.live_grep')
013.846  000.024  000.024: require('fzfx.cfg.buf_live_grep')
013.869  000.022  000.022: require('fzfx.cfg.buffers')
013.927  000.019  000.019: require('fzfx.commons.spawn')
013.947  000.019  000.019: require('fzfx.commons.async')
013.949  000.059  000.022: require('fzfx.lib.commands')
013.953  000.083  000.024: require('fzfx.cfg.git_files')
013.974  000.020  000.020: require('fzfx.cfg.git_live_grep')
013.996  000.022  000.022: require('fzfx.cfg.git_status')
014.045  000.019  000.019: require('fzfx.cfg._git')
014.052  000.055  000.036: require('fzfx.cfg.git_branches')
014.085  000.032  000.032: require('fzfx.cfg.git_commits')
014.120  000.034  000.034: require('fzfx.cfg.git_blame')
014.225  000.042  000.042: require('fzfx.commons.uv')
014.237  000.117  000.075: require('fzfx.cfg.vim_commands')
014.321  000.083  000.083: require('fzfx.cfg.vim_keymaps')
014.382  000.060  000.060: require('fzfx.cfg.vim_marks')
014.424  000.040  000.040: require('fzfx.cfg.vim_command_history')
014.475  000.050  000.050: require('fzfx.cfg.vim_colors')
014.589  000.064  000.064: require('fzfx.commons.color.term')
014.622  000.032  000.032: require('fzfx.commons.color.hl')
014.727  000.047  000.047: require('vim.version')
014.730  000.080  000.033: require('fzfx.commons.version')
016.322  000.345  000.345: require('vim.lsp.log')
016.610  000.285  000.285: require('vim.lsp.protocol')
016.720  000.108  000.108: require('vim.lsp.util')
016.788  000.036  000.036: require('vim.lsp.sync')
016.791  000.069  000.033: require('vim.lsp._changetracking')
016.849  000.025  000.025: require('vim.lsp._transport')
016.858  000.066  000.041: require('vim.lsp.rpc')
016.895  001.084  000.212: require('vim.lsp')
016.897  002.273  001.109: require('fzfx.lib.lsp')
016.921  000.023  000.023: require('fzfx.cfg._lsp')
016.997  002.521  000.129: require('fzfx.cfg.lsp_diagnostics')
017.060  000.035  000.035: require('fzfx.cfg._lsp_locations')
017.063  000.065  000.030: require('fzfx.cfg.lsp_definitions')
017.085  000.021  000.021: require('fzfx.cfg.lsp_type_definitions')
017.104  000.019  000.019: require('fzfx.cfg.lsp_references')
017.124  000.018  000.018: require('fzfx.cfg.lsp_implementations')
017.142  000.018  000.018: require('fzfx.cfg.lsp_incoming_calls')
017.161  000.018  000.018: require('fzfx.cfg.lsp_outgoing_calls')
017.199  000.037  000.037: require('fzfx.cfg.file_explorer')
017.204  004.015  000.052: require('fzfx.config')
017.315  000.025  000.025: require('fzfx.detail.module')
017.383  000.032  000.032: require('nvim-web-devicons.filetypes')
017.474  000.067  000.067: require('nvim-web-devicons.default.icons_by_filename')
017.757  000.282  000.282: require('nvim-web-devicons.default.icons_by_file_extension')
017.798  000.040  000.040: require('nvim-web-devicons.default.icons_by_operating_system')
017.825  000.025  000.025: require('nvim-web-devicons.default.icons_by_desktop_environment')
017.852  000.026  000.026: require('nvim-web-devicons.default.icons_by_window_manager')
017.853  000.464  000.024: require('nvim-web-devicons.icons-default')
017.998  000.679  000.183: require('nvim-web-devicons')
018.041  000.027  000.027: require('fzfx.detail.rpcserver')
018.107  000.042  000.042: require('fzfx.detail.yanks')
018.174  000.025  000.025: require('fzfx.detail.popup.shell_helpers')
018.226  000.050  000.050: require('fzfx.detail.fzf_helpers')
018.294  000.032  000.032: require('fzfx.detail.popup.layout_helpers')
018.319  000.023  000.023: require('fzfx.detail.popup.window_helpers')
018.322  000.095  000.039: require('fzfx.detail.popup.window')
018.346  000.023  000.023: require('fzfx.detail.popup.window_manager')
018.348  000.231  000.038: require('fzfx.detail.popup')
019.120  000.123  000.123: require('fzfx.detail.general')
019.414  000.003  000.003: sourcing nvim_exec2() called at /home/shentoh/.config/nvim/init.lua:0
019.423  000.001  000.001: sourcing nvim_exec2() called at /home/shentoh/.config/nvim/init.lua:0
019.700  000.193  000.193: require('blink.cmp')
019.819  000.057  000.057: require('blink.cmp.lib.async')
019.901  000.036  000.036: require('blink.cmp.config.utils')
019.931  000.029  000.029: require('blink.cmp.config.keymap')
019.992  000.027  000.027: require('blink.cmp.config.completion.keyword')
020.029  000.036  000.036: require('blink.cmp.config.completion.trigger')
020.069  000.039  000.039: require('blink.cmp.config.completion.list')
020.127  000.056  000.056: require('blink.cmp.config.completion.accept')
020.199  000.071  000.071: require('blink.cmp.config.completion.menu')
020.242  000.041  000.041: require('blink.cmp.config.completion.documentation')
020.272  000.029  000.029: require('blink.cmp.config.completion.ghost_text')
020.273  000.341  000.042: require('blink.cmp.config.completion')
020.314  000.041  000.041: require('blink.cmp.config.fuzzy')
020.364  000.048  000.048: require('blink.cmp.config.sources')
020.403  000.039  000.039: require('blink.cmp.config.signature')
020.440  000.036  000.036: require('blink.cmp.config.snippets')
020.474  000.032  000.032: require('blink.cmp.config.appearance')
020.504  000.029  000.029: require('blink.cmp.config.modes.cmdline')
020.536  000.031  000.031: require('blink.cmp.config.modes.term')
020.538  000.718  000.055: require('blink.cmp.config')
020.567  000.028  000.028: require('blink.cmp.lib.event_emitter')
020.609  000.041  000.041: require('blink.cmp.lib.utils')
020.614  000.912  000.067: require('blink.cmp.sources.lib')
020.621  001.163  000.058: sourcing /home/shentoh/.local/share/nvim/lazy/blink.cmp/plugin/blink-cmp.lua
020.624  001.182  000.019: sourcing nvim_exec2() called at /home/shentoh/.config/nvim/init.lua:0
020.629  000.002  000.002: sourcing nvim_exec2() called at /home/shentoh/.config/nvim/init.lua:0
020.636  000.001  000.001: sourcing nvim_exec2() called at /home/shentoh/.config/nvim/init.lua:0
020.729  000.033  000.033: require('blink-cmp')
021.353  000.045  000.045: require('blink.cmp.config.modes.types')
021.902  000.145  000.145: require('blink.cmp.fuzzy.download.system')
021.926  000.245  000.100: require('blink.cmp.fuzzy.download.files')
021.931  000.356  000.111: require('blink.cmp.fuzzy.download.git')
021.937  000.476  000.120: require('blink.cmp.fuzzy.download')
022.121  000.146  000.146: require('vim._system')
024.049  000.008  000.008: sourcing nvim_exec2() called at /home/shentoh/.config/nvim/init.lua:0
024.059  000.001  000.001: sourcing nvim_exec2() called at /home/shentoh/.config/nvim/init.lua:0
024.389  000.050  000.050: require('lualine_require')
024.644  000.580  000.530: require('lualine')
024.772  000.008  000.008: sourcing nvim_exec2() called at /home/shentoh/.config/nvim/init.lua:0
025.143  000.035  000.035: require('catppuccin.utils.lualine')
025.186  000.029  000.029: require('catppuccin.palettes')
025.213  000.024  000.024: require('catppuccin.palettes.macchiato')
025.521  000.011  000.011: sourcing nvim_exec2() called at /home/shentoh/.config/nvim/init.lua:0
025.531  000.002  000.002: sourcing nvim_exec2() called at /home/shentoh/.config/nvim/init.lua:0
025.539  000.003  000.003: sourcing nvim_exec2() called at /home/shentoh/.config/nvim/init.lua:0
025.544  000.001  000.001: sourcing nvim_exec2() called at /home/shentoh/.config/nvim/init.lua:0
025.549  000.002  000.002: sourcing nvim_exec2() called at /home/shentoh/.config/nvim/init.lua:0
025.556  000.002  000.002: sourcing nvim_exec2() called at /home/shentoh/.config/nvim/init.lua:0
025.560  000.001  000.001: sourcing nvim_exec2() called at /home/shentoh/.config/nvim/init.lua:0
025.574  000.002  000.002: sourcing nvim_exec2() called at /home/shentoh/.config/nvim/init.lua:0
025.580  000.002  000.002: sourcing nvim_exec2() called at /home/shentoh/.config/nvim/init.lua:0
025.585  000.002  000.002: sourcing nvim_exec2() called at /home/shentoh/.config/nvim/init.lua:0
025.590  000.001  000.001: sourcing nvim_exec2() called at /home/shentoh/.config/nvim/init.lua:0
025.595  000.001  000.001: sourcing nvim_exec2() called at /home/shentoh/.config/nvim/init.lua:0
025.600  000.001  000.001: sourcing nvim_exec2() called at /home/shentoh/.config/nvim/init.lua:0
025.605  000.002  000.002: sourcing nvim_exec2() called at /home/shentoh/.config/nvim/init.lua:0
025.610  000.001  000.001: sourcing nvim_exec2() called at /home/shentoh/.config/nvim/init.lua:0
025.614  000.001  000.001: sourcing nvim_exec2() called at /home/shentoh/.config/nvim/init.lua:0
025.618  000.001  000.001: sourcing nvim_exec2() called at /home/shentoh/.config/nvim/init.lua:0
025.627  000.006  000.006: sourcing nvim_exec2() called at /home/shentoh/.config/nvim/init.lua:0
026.095  000.029  000.029: require('lualine.utils.mode')
026.296  000.006  000.006: sourcing nvim_exec2() called at /home/shentoh/.config/nvim/init.lua:0
026.304  000.004  000.004: sourcing nvim_exec2() called at /home/shentoh/.config/nvim/init.lua:0
026.409  000.003  000.003: sourcing nvim_exec2() called at /home/shentoh/.config/nvim/init.lua:0
026.433  000.002  000.002: sourcing nvim_exec2() called at /home/shentoh/.config/nvim/init.lua:0
026.439  000.002  000.002: sourcing nvim_exec2() called at /home/shentoh/.config/nvim/init.lua:0
026.444  000.001  000.001: sourcing nvim_exec2() called at /home/shentoh/.config/nvim/init.lua:0
026.448  000.001  000.001: sourcing nvim_exec2() called at /home/shentoh/.config/nvim/init.lua:0
026.453  000.001  000.001: sourcing nvim_exec2() called at /home/shentoh/.config/nvim/init.lua:0
026.457  000.002  000.002: sourcing nvim_exec2() called at /home/shentoh/.config/nvim/init.lua:0
026.465  000.002  000.002: sourcing nvim_exec2() called at /home/shentoh/.config/nvim/init.lua:0
026.470  000.001  000.001: sourcing nvim_exec2() called at /home/shentoh/.config/nvim/init.lua:0
026.475  000.001  000.001: sourcing nvim_exec2() called at /home/shentoh/.config/nvim/init.lua:0
026.479  000.001  000.001: sourcing nvim_exec2() called at /home/shentoh/.config/nvim/init.lua:0
026.483  000.001  000.001: sourcing nvim_exec2() called at /home/shentoh/.config/nvim/init.lua:0
026.565  000.079  000.079: sourcing nvim_exec2() called at /home/shentoh/.config/nvim/init.lua:0
026.574  000.002  000.002: sourcing nvim_exec2() called at /home/shentoh/.config/nvim/init.lua:0
026.580  000.001  000.001: sourcing nvim_exec2() called at /home/shentoh/.config/nvim/init.lua:0
026.585  000.001  000.001: sourcing nvim_exec2() called at /home/shentoh/.config/nvim/init.lua:0
026.609  000.001  000.001: sourcing nvim_exec2() called at /home/shentoh/.config/nvim/init.lua:0
026.625  000.001  000.001: sourcing nvim_exec2() called at /home/shentoh/.config/nvim/init.lua:0
026.652  000.002  000.002: sourcing nvim_exec2() called at /home/shentoh/.config/nvim/init.lua:0
026.667  000.001  000.001: sourcing nvim_exec2() called at /home/shentoh/.config/nvim/init.lua:0
026.680  000.002  000.002: sourcing nvim_exec2() called at /home/shentoh/.config/nvim/init.lua:0
026.759  000.005  000.005: sourcing nvim_exec2() called at /home/shentoh/.config/nvim/init.lua:0
026.764  000.001  000.001: sourcing nvim_exec2() called at /home/shentoh/.config/nvim/init.lua:0
026.767  000.001  000.001: sourcing nvim_exec2() called at /home/shentoh/.config/nvim/init.lua:0
026.770  000.002  000.002: sourcing nvim_exec2() called at /home/shentoh/.config/nvim/init.lua:0
027.010  000.004  000.004: sourcing nvim_exec2() called at /home/shentoh/.config/nvim/init.lua:0
027.017  000.001  000.001: sourcing nvim_exec2() called at /home/shentoh/.config/nvim/init.lua:0
027.021  000.001  000.001: sourcing nvim_exec2() called at /home/shentoh/.config/nvim/init.lua:0
027.027  000.002  000.002: sourcing nvim_exec2() called at /home/shentoh/.config/nvim/init.lua:0
027.031  000.001  000.001: sourcing nvim_exec2() called at /home/shentoh/.config/nvim/init.lua:0
027.035  000.001  000.001: sourcing nvim_exec2() called at /home/shentoh/.config/nvim/init.lua:0
027.039  000.001  000.001: sourcing nvim_exec2() called at /home/shentoh/.config/nvim/init.lua:0
027.044  000.001  000.001: sourcing nvim_exec2() called at /home/shentoh/.config/nvim/init.lua:0
027.049  000.002  000.002: sourcing nvim_exec2() called at /home/shentoh/.config/nvim/init.lua:0
027.053  000.001  000.001: sourcing nvim_exec2() called at /home/shentoh/.config/nvim/init.lua:0
027.056  000.001  000.001: sourcing nvim_exec2() called at /home/shentoh/.config/nvim/init.lua:0
027.061  000.001  000.001: sourcing nvim_exec2() called at /home/shentoh/.config/nvim/init.lua:0
027.065  000.001  000.001: sourcing nvim_exec2() called at /home/shentoh/.config/nvim/init.lua:0
027.069  000.001  000.001: sourcing nvim_exec2() called at /home/shentoh/.config/nvim/init.lua:0
027.075  000.002  000.002: sourcing nvim_exec2() called at /home/shentoh/.config/nvim/init.lua:0
027.079  000.001  000.001: sourcing nvim_exec2() called at /home/shentoh/.config/nvim/init.lua:0
027.082  000.001  000.001: sourcing nvim_exec2() called at /home/shentoh/.config/nvim/init.lua:0
027.085  000.001  000.001: sourcing nvim_exec2() called at /home/shentoh/.config/nvim/init.lua:0
027.089  000.001  000.001: sourcing nvim_exec2() called at /home/shentoh/.config/nvim/init.lua:0
027.093  000.001  000.001: sourcing nvim_exec2() called at /home/shentoh/.config/nvim/init.lua:0
027.145  000.002  000.002: sourcing nvim_exec2() called at /home/shentoh/.config/nvim/init.lua:0
027.153  000.002  000.002: sourcing nvim_exec2() called at /home/shentoh/.config/nvim/init.lua:0
027.157  000.001  000.001: sourcing nvim_exec2() called at /home/shentoh/.config/nvim/init.lua:0
027.160  000.001  000.001: sourcing nvim_exec2() called at /home/shentoh/.config/nvim/init.lua:0
027.164  000.001  000.001: sourcing nvim_exec2() called at /home/shentoh/.config/nvim/init.lua:0
027.167  000.001  000.001: sourcing nvim_exec2() called at /home/shentoh/.config/nvim/init.lua:0
027.182  000.001  000.001: sourcing nvim_exec2() called at /home/shentoh/.config/nvim/init.lua:0
027.191  000.002  000.002: sourcing nvim_exec2() called at /home/shentoh/.config/nvim/init.lua:0
027.760  000.221  000.221: require('lspconfig.util')
028.460  000.976  000.755: sourcing /home/shentoh/.local/share/nvim/lazy/nvim-lspconfig/plugin/lspconfig.lua
028.465  000.999  000.022: sourcing nvim_exec2() called at /home/shentoh/.config/nvim/init.lua:0
028.470  000.002  000.002: sourcing nvim_exec2() called at /home/shentoh/.config/nvim/init.lua:0
028.478  000.001  000.001: sourcing nvim_exec2() called at /home/shentoh/.config/nvim/init.lua:0
028.625  000.023  000.023: require('lspconfig.async')
028.627  000.056  000.034: require('lspconfig.configs')
028.630  000.150  000.094: require('lspconfig')
028.691  000.035  000.035: require('vim.iter')
028.698  000.067  000.032: require('lspconfig.configs.lua_ls')
028.748  000.031  000.031: require('lspconfig.manager')
028.788  000.038  000.038: require('lspconfig.configs.cssls')
028.867  000.040  000.040: require('lspconfig.configs.ts_ls')
028.970  000.030  000.030: require('lspconfig.configs.emmet_ls')
029.024  000.029  000.029: require('lspconfig.configs.html')
029.119  000.034  000.034: require('lspconfig.configs.volar')
029.164  000.028  000.028: require('lspconfig.configs.tailwindcss')
029.312  000.073  000.073: require('vim.lsp.buf')
029.847  000.032  000.032: require('nvim-treesitter.utils')
030.278  000.058  000.058: require('vim.treesitter.language')
030.317  000.035  000.035: require('vim.func')
030.351  000.031  000.031: require('vim.func._memoize')
030.374  000.212  000.088: require('vim.treesitter.query')
030.411  000.036  000.036: require('vim.treesitter._range')
030.422  000.334  000.086: require('vim.treesitter.languagetree')
030.428  000.382  000.048: require('vim.treesitter')
030.896  001.046  000.664: require('nvim-treesitter.parsers')
031.197  000.059  000.059: require('nvim-treesitter.compat')
031.295  000.053  000.053: require('nvim-treesitter.ts_utils')
031.300  000.101  000.048: require('nvim-treesitter.tsrange')
031.341  000.040  000.040: require('nvim-treesitter.caching')
031.349  000.341  000.140: require('nvim-treesitter.query')
031.368  000.423  000.082: require('nvim-treesitter.configs')
031.373  000.475  000.052: require('nvim-treesitter.info')
031.441  000.067  000.067: require('nvim-treesitter.shell_command_selectors')
031.469  001.706  000.087: require('nvim-treesitter.install')
031.512  000.042  000.042: require('nvim-treesitter.statusline')
031.559  000.046  000.046: require('nvim-treesitter.query_predicates')
031.561  002.003  000.209: require('nvim-treesitter')
032.152  002.618  000.615: sourcing /home/shentoh/.local/share/nvim/lazy/nvim-treesitter/plugin/nvim-treesitter.lua
032.156  002.640  000.022: sourcing nvim_exec2() called at /home/shentoh/.config/nvim/init.lua:0
032.163  000.001  000.001: sourcing nvim_exec2() called at /home/shentoh/.config/nvim/init.lua:0
032.171  000.001  000.001: sourcing nvim_exec2() called at /home/shentoh/.config/nvim/init.lua:0
032.960  000.043  000.043: require('nvim-treesitter.highlight')
033.066  000.080  000.080: require('nvim-treesitter.indent')
033.304  000.051  000.051: require('nvim-ts-autotag._log')
033.335  000.029  000.029: require('nvim-ts-autotag.config.init')
033.497  000.066  000.066: require('nvim-ts-autotag.utils')
033.500  000.113  000.047: require('nvim-ts-autotag.config.ft')
033.504  000.168  000.055: require('nvim-ts-autotag.config.plugin')
033.511  000.320  000.072: require('nvim-ts-autotag.internal')
033.512  000.384  000.064: require('nvim-ts-autotag')
033.550  000.447  000.062: sourcing /home/shentoh/.local/share/nvim/lazy/nvim-ts-autotag/plugin/nvim-ts-autotag.lua
033.553  000.467  000.020: sourcing nvim_exec2() called at /home/shentoh/.config/nvim/init.lua:0
033.559  000.002  000.002: sourcing nvim_exec2() called at /home/shentoh/.config/nvim/init.lua:0
033.575  000.001  000.001: sourcing nvim_exec2() called at /home/shentoh/.config/nvim/init.lua:0
034.107  000.002  000.002: sourcing nvim_exec2() called at /home/shentoh/.config/nvim/init.lua:0
034.115  000.001  000.001: sourcing nvim_exec2() called at /home/shentoh/.config/nvim/init.lua:0
034.431  000.037  000.037: require('null-ls.utils.tbl_flatten')
034.444  000.098  000.062: require('null-ls.utils')
034.673  000.228  000.228: require('vim.diagnostic')
034.701  000.391  000.065: require('null-ls.config')
034.772  000.030  000.030: require('null-ls.helpers.cache')
034.801  000.027  000.027: require('null-ls.helpers.check_exit_code')
034.846  000.044  000.044: require('null-ls.helpers.diagnostics')
034.875  000.027  000.027: require('null-ls.helpers.formatter_factory')
034.975  000.046  000.046: require('null-ls.logger')
035.016  000.039  000.039: require('null-ls.state')
035.018  000.142  000.057: require('null-ls.helpers.generator_factory')
035.089  000.038  000.038: require('null-ls.helpers.command_resolver')
035.091  000.072  000.034: require('null-ls.helpers.make_builtin')
035.120  000.029  000.029: require('null-ls.helpers.range_formatting_args_factory')
035.121  000.419  000.047: require('null-ls.helpers')
035.287  000.071  000.071: require('null-ls.methods')
035.292  000.125  000.053: require('null-ls.diagnostics')
035.300  000.178  000.053: require('null-ls.sources')
035.340  000.038  000.038: require('null-ls.builtins')
035.341  001.224  000.198: require('null-ls')
035.415  000.072  000.072: require('null-ls.builtins.formatting.prettier')
035.463  000.044  000.044: require('null-ls.builtins.formatting.stylua')
035.844  000.217  000.217: require('null-ls.loop')
035.876  000.304  000.088: require('null-ls.client')
035.999  000.003  000.003: sourcing nvim_exec2() called at /home/shentoh/.config/nvim/init.lua:0
036.012  000.001  000.001: sourcing nvim_exec2() called at /home/shentoh/.config/nvim/init.lua:0
036.400  000.141  000.141: require('toggleterm.lazy')
036.473  000.071  000.071: require('toggleterm.constants')
036.676  000.198  000.198: require('toggleterm.terminal')
036.684  000.670  000.260: require('toggleterm')
036.767  000.022  000.022: require('toggleterm.colors')
036.804  000.036  000.036: require('toggleterm.utils')
036.808  000.123  000.065: require('toggleterm.config')
037.404  000.035  000.035: require('toggleterm.commandline')
037.523  000.029  000.029: sourcing /usr/share/nvim/runtime/plugin/editorconfig.lua
037.526  000.047  000.018: sourcing nvim_exec2() called at /home/shentoh/.config/nvim/init.lua:0
037.632  000.090  000.090: sourcing /usr/share/nvim/runtime/plugin/gzip.vim
037.634  000.105  000.015: sourcing nvim_exec2() called at /home/shentoh/.config/nvim/init.lua:0
037.680  000.030  000.030: sourcing /usr/share/nvim/runtime/plugin/man.lua
037.682  000.044  000.014: sourcing nvim_exec2() called at /home/shentoh/.config/nvim/init.lua:0
038.858  000.122  000.122: sourcing /usr/share/nvim/runtime/pack/dist/opt/matchit/plugin/matchit.vim
038.875  001.178  001.056: sourcing /usr/share/nvim/runtime/plugin/matchit.vim
038.880  001.195  000.017: sourcing nvim_exec2() called at /home/shentoh/.config/nvim/init.lua:0
038.984  000.075  000.075: sourcing /usr/share/nvim/runtime/plugin/matchparen.vim
038.987  000.090  000.016: sourcing nvim_exec2() called at /home/shentoh/.config/nvim/init.lua:0
039.492  000.133  000.133: sourcing /usr/share/nvim/runtime/pack/dist/opt/netrw/plugin/netrwPlugin.vim
039.503  000.496  000.363: sourcing /usr/share/nvim/runtime/plugin/netrwPlugin.vim
039.505  000.511  000.015: sourcing nvim_exec2() called at /home/shentoh/.config/nvim/init.lua:0
039.591  000.062  000.062: sourcing /usr/share/nvim/runtime/plugin/osc52.lua
039.594  000.081  000.019: sourcing nvim_exec2() called at /home/shentoh/.config/nvim/init.lua:0
039.695  000.081  000.081: sourcing /usr/share/nvim/runtime/plugin/rplugin.vim
039.697  000.098  000.017: sourcing nvim_exec2() called at /home/shentoh/.config/nvim/init.lua:0
039.768  000.031  000.031: sourcing /usr/share/nvim/runtime/plugin/shada.vim
039.770  000.051  000.020: sourcing nvim_exec2() called at /home/shentoh/.config/nvim/init.lua:0
039.804  000.010  000.010: sourcing /usr/share/nvim/runtime/plugin/spellfile.vim
039.806  000.030  000.020: sourcing nvim_exec2() called at /home/shentoh/.config/nvim/init.lua:0
039.881  000.051  000.051: sourcing /usr/share/nvim/runtime/plugin/tarPlugin.vim
039.883  000.068  000.017: sourcing nvim_exec2() called at /home/shentoh/.config/nvim/init.lua:0
039.982  000.072  000.072: sourcing /usr/share/nvim/runtime/plugin/tohtml.lua
039.985  000.092  000.020: sourcing nvim_exec2() called at /home/shentoh/.config/nvim/init.lua:0
040.034  000.011  000.011: sourcing /usr/share/nvim/runtime/plugin/tutor.vim
040.037  000.031  000.020: sourcing nvim_exec2() called at /home/shentoh/.config/nvim/init.lua:0
040.138  000.079  000.079: sourcing /usr/share/nvim/runtime/plugin/zipPlugin.vim
040.141  000.097  000.018: sourcing nvim_exec2() called at /home/shentoh/.config/nvim/init.lua:0
040.261  037.680  013.580: require('shento.lazy')
040.263  038.194  000.013: sourcing /home/shentoh/.config/nvim/init.lua
040.268  000.280: sourcing vimrc file(s)
040.571  000.072  000.072: sourcing /usr/share/nvim/runtime/filetype.lua
040.746  000.036  000.036: sourcing /usr/share/nvim/runtime/syntax/synload.vim
040.796  000.158  000.122: sourcing /usr/share/nvim/runtime/syntax/syntax.vim
040.807  000.309: inits 3
042.260  001.453: reading ShaDa
042.458  000.198: opening buffers
042.525  000.067: BufEnter autocommands
042.527  000.002: editing files in windows
042.610  000.083: VimEnter autocommands
042.699  000.053  000.053: require('vim.termcap')
042.718  000.012  000.012: require('vim.text')
042.735  000.060: UIEnter autocommands
042.959  000.137  000.137: sourcing /usr/share/nvim/runtime/autoload/provider/clipboard.vim
042.963  000.091: before starting main loop
043.154  000.191: first screen update
043.155  000.001: --- NVIM STARTED ---

